<?xml version="1.0" encoding="UTF-8"?>
<!-- Generated by org.testng.reporters.JUnitReportReporter -->
<testsuite hostname="Rukmini" failures="0" tests="1" name="seleniun_training.ChromeTest" time="3.875" errors="0" timestamp="2025-05-16T17:54:23 NZST" skipped="0">
  <testcase classname="seleniun_training.ChromeTest" name="chromeTest" time="3.875"/>
</testsuite> <!-- seleniun_training.ChromeTest -->
