<?xml version="1.0" encoding="UTF-8"?>
<!-- Generated by org.testng.reporters.JUnitReportReporter -->
<testsuite hostname="Rukmini" failures="0" tests="1" name="seleniun_training.DriverTest" time="6.201" errors="0" timestamp="2025-05-16T21:02:40 NZST" skipped="0">
  <testcase classname="seleniun_training.DriverTest" name="EdgeTest" time="6.201"/>
</testsuite> <!-- seleniun_training.DriverTest -->
