<?xml version="1.0" encoding="UTF-8"?>
<!-- Generated by org.testng.reporters.JUnitReportReporter -->
<testsuite hostname="Rukmini" failures="0" tests="1" name="seleniun_training.BrowserCommandstest" time="8.678" errors="0" timestamp="2025-05-19T09:08:26 NZST" skipped="0">
  <testcase classname="seleniun_training.BrowserCommandstest" name="testbrowsercommands" time="8.678"/>
</testsuite> <!-- seleniun_training.BrowserCommandstest -->
